{
  "RSpec": {
    "coverage": {
      "/home/walimike/walimike/ruby/ah_backend/spec/integration/user_spec.rb": [
        1,
        null,
        1,
        null,
        1,
        null,
        1,
        1,
        1,
        1,
        null,
        null,
        null,
        null,
        null,
        null,
        null,
        null,
        null,
        1,
        1,
        2,
        1,
        null,
        null,
        null,
        1,
        1,
        1,
        1,
        null,
        null,
        null,
        null,
        null
      ],
      "/home/walimike/walimike/ruby/ah_backend/spec/swagger_helper.rb": [
        1,
        null,
        1,
        null,
        null,
        null,
        1,
        null,
        null,
        null,
        null,
        null,
        null,
        null,
        1,
        null,
        null,
        null,
        null,
        null,
        null,
        null,
        null,
        null,
        null
      ],
      "/home/walimike/walimike/ruby/ah_backend/spec/rails_helper.rb": [
        null,
        1,
        1,
        null,
        1,
        null,
        null,
        1,
        1,
        null,
        1,
        null,
        null,
        null,
        null,
        null,
        null,
        null,
        null,
        null,
        null,
        null,
        null,
        null,
        null,
        null,
        null,
        null,
        null,
        1,
        null,
        0,
        0,
        null,
        1,
        null,
        1,
        null,
        null,
        null,
        null,
        1,
        null,
        null,
        null,
        null,
        null,
        null,
        null,
        null,
        null,
        null,
        null,
        null,
        null,
        null,
        1,
        null,
        null,
        1,
        null,
        null,
        1,
        null,
        1,
        1,
        null,
        1,
        1,
        null,
        null,
        null
      ],
      "/home/walimike/walimike/ruby/ah_backend/config/environment.rb": [
        null,
        1,
        null,
        null,
        1
      ],
      "/home/walimike/walimike/ruby/ah_backend/config/application.rb": [
        1,
        null,
        1,
        null,
        null,
        null,
        1,
        null,
        1,
        1,
        null,
        1,
        null,
        null,
        null,
        null,
        null,
        null,
        null
      ],
      "/home/walimike/walimike/ruby/ah_backend/config/boot.rb": [
        1,
        null,
        1,
        1
      ],
      "/home/walimike/walimike/ruby/ah_backend/config/environments/test.rb": [
        null,
        null,
        null,
        null,
        null,
        1,
        null,
        null,
        1,
        null,
        null,
        null,
        null,
        1,
        null,
        null,
        1,
        1,
        null,
        null,
        null,
        null,
        1,
        1,
        1,
        null,
        null,
        1,
        null,
        null,
        1,
        null,
        null,
        1,
        null,
        1,
        null,
        null,
        null,
        null,
        1,
        null,
        null,
        1,
        null,
        null,
        null,
        null
      ],
      "/home/walimike/walimike/ruby/ah_backend/config/initializers/application_controller_renderer.rb": [
        null,
        null,
        null,
        null,
        null,
        null,
        null,
        null
      ],
      "/home/walimike/walimike/ruby/ah_backend/config/initializers/assets.rb": [
        null,
        null,
        null,
        1,
        null,
        null,
        null,
        null,
        1,
        null,
        null,
        null,
        null,
        null
      ],
      "/home/walimike/walimike/ruby/ah_backend/config/initializers/backtrace_silencers.rb": [
        null,
        null,
        null,
        null,
        null,
        null,
        null
      ],
      "/home/walimike/walimike/ruby/ah_backend/config/initializers/content_security_policy.rb": [
        null,
        null,
        null,
        null,
        null,
        null,
        null,
        null,
        null,
        null,
        null,
        null,
        null,
        null,
        null,
        null,
        null,
        null,
        null,
        null,
        null,
        null,
        null,
        null,
        null,
        null,
        null,
        null,
        null,
        null
      ],
      "/home/walimike/walimike/ruby/ah_backend/config/initializers/cookies_serializer.rb": [
        null,
        null,
        null,
        null,
        1
      ],
      "/home/walimike/walimike/ruby/ah_backend/config/initializers/filter_parameter_logging.rb": [
        null,
        null,
        null,
        1
      ],
      "/home/walimike/walimike/ruby/ah_backend/config/initializers/inflections.rb": [
        null,
        null,
        null,
        null,
        null,
        null,
        null,
        null,
        null,
        null,
        null,
        null,
        null,
        null,
        null,
        null
      ],
      "/home/walimike/walimike/ruby/ah_backend/config/initializers/mime_types.rb": [
        null,
        null,
        null,
        null
      ],
      "/home/walimike/walimike/ruby/ah_backend/config/initializers/rswag-api.rb": [
        1,
        null,
        null,
        null,
        null,
        null,
        1,
        null,
        null,
        null,
        null,
        null,
        null,
        null
      ],
      "/home/walimike/walimike/ruby/ah_backend/config/initializers/rswag-ui.rb": [
        1,
        null,
        null,
        null,
        null,
        null,
        null,
        null,
        1,
        null
      ],
      "/home/walimike/walimike/ruby/ah_backend/config/initializers/wrap_parameters.rb": [
        null,
        null,
        null,
        null,
        null,
        null,
        1,
        2,
        null,
        null,
        null,
        null,
        null,
        null
      ],
      "/home/walimike/walimike/ruby/ah_backend/config/routes.rb": [
        1,
        1,
        1,
        null,
        1,
        1,
        1,
        1,
        null,
        null,
        null
      ],
      "/home/walimike/walimike/ruby/ah_backend/app/helpers/application_helper.rb": [
        1,
        null
      ],
      "/home/walimike/walimike/ruby/ah_backend/app/helpers/users_helper.rb": [
        1,
        1,
        1,
        4,
        null,
        null
      ],
      "/home/walimike/walimike/ruby/ah_backend/spec/request_helpers.rb": [
        1,
        1,
        5,
        null,
        null,
        1,
        3,
        null,
        null,
        1,
        null,
        2,
        null,
        null,
        null,
        null,
        null,
        null,
        null,
        null,
        1,
        null,
        2,
        null,
        null,
        null,
        null,
        null,
        null,
        null,
        null
      ],
      "/home/walimike/walimike/ruby/ah_backend/app/models/application_record.rb": [
        1,
        1,
        null
      ],
      "/home/walimike/walimike/ruby/ah_backend/spec/models/user_spec.rb": [
        1,
        1,
        null,
        1,
        1,
        null,
        2,
        2,
        2,
        null,
        null
      ],
      "/home/walimike/walimike/ruby/ah_backend/app/models/User.rb": [
        1,
        1,
        null,
        1,
        1,
        null
      ],
      "/home/walimike/walimike/ruby/ah_backend/spec/requests/users_spec.rb": [
        1,
        null,
        1,
        1,
        1,
        1,
        1,
        1,
        null,
        null,
        null,
        1,
        1,
        1,
        2,
        1,
        null,
        null,
        1,
        1,
        1,
        null,
        null,
        null,
        null
      ],
      "/home/walimike/walimike/ruby/ah_backend/app/controllers/application_controller.rb": [
        1,
        null
      ],
      "/home/walimike/walimike/ruby/ah_backend/app/controllers/api/v1/users_controller.rb": [
        1,
        1,
        null,
        1,
        1,
        null,
        null,
        1,
        4,
        4,
        2,
        null,
        2,
        null,
        null,
        null,
        null
      ]
    },
    "timestamp": 1571992600
  }
}
